14:39:48.396 [main] INFO  testCases.TC_002_LoginTest - ***Starting TC_002_LoginTest***
14:39:48.493 [main] INFO  testCases.TC_002_LoginTest - Clicked on My Account Link
14:39:49.069 [main] INFO  testCases.TC_002_LoginTest - Clicked on Login Link
14:41:24.587 [main] INFO  testCases.TC_002_LoginTest - ***Starting TC_002_LoginTest***
14:41:24.665 [main] INFO  testCases.TC_002_LoginTest - Clicked on My Account Link
14:41:25.228 [main] INFO  testCases.TC_002_LoginTest - Clicked on Login Link
14:42:31.782 [main] INFO  testCases.TC_002_LoginTest - ***Starting TC_002_LoginTest***
14:42:31.926 [main] INFO  testCases.TC_002_LoginTest - Clicked on My Account Link
14:42:32.571 [main] INFO  testCases.TC_002_LoginTest - Clicked on Login Link
14:44:39.795 [main] INFO  testCases.TC_002_LoginTest - ***Starting TC_002_LoginTest***
14:44:39.913 [main] INFO  testCases.TC_002_LoginTest - Clicked on My Account Link
14:44:40.493 [main] INFO  testCases.TC_002_LoginTest - Clicked on Login Link
14:46:35.136 [main] INFO  testCases.TC_002_LoginTest - ***Starting TC_002_LoginTest***
14:46:35.243 [main] INFO  testCases.TC_002_LoginTest - Clicked on My Account Link
14:46:35.793 [main] INFO  testCases.TC_002_LoginTest - Clicked on Login Link
14:56:17.452 [main] INFO  testCases.TC_002_LoginTest - ***Starting TC_002_LoginTest***
14:56:17.945 [main] INFO  testCases.TC_002_LoginTest - Clicked on My Account Link
14:56:18.529 [main] INFO  testCases.TC_002_LoginTest - Clicked on Login Link
14:56:47.286 [main] INFO  testCases.TC_002_LoginTest - ***Starting TC_002_LoginTest***
14:56:47.756 [main] INFO  testCases.TC_002_LoginTest - Clicked on My Account Link
14:56:48.321 [main] INFO  testCases.TC_002_LoginTest - Clicked on Login Link
14:57:53.948 [main] INFO  testCases.TC_002_LoginTest - ***Starting TC_002_LoginTest***
14:57:54.321 [main] INFO  testCases.TC_002_LoginTest - Clicked on My Account Link
14:57:54.899 [main] INFO  testCases.TC_002_LoginTest - Clicked on Login Link
14:59:41.618 [main] INFO  testCases.TC_002_LoginTest - ***Starting TC_002_LoginTest***
14:59:41.953 [main] INFO  testCases.TC_002_LoginTest - Clicked on My Account Link
14:59:42.522 [main] INFO  testCases.TC_002_LoginTest - Clicked on Login Link
11:58:13.625 [main] INFO  testCases.TC_002_LoginTest - ***Starting TC_002_LoginTest***
11:58:14.000 [main] INFO  testCases.TC_002_LoginTest - Clicked on My Account Link
11:58:14.467 [main] INFO  testCases.TC_002_LoginTest - Clicked on Login Link
12:35:16.870 [main] INFO  testCases.TC_002_LoginTest - ***Starting TC_002_LoginTest***
12:35:17.084 [main] INFO  testCases.TC_002_LoginTest - Clicked on My Account Link
12:35:17.693 [main] INFO  testCases.TC_002_LoginTest - Clicked on Login Link
12:36:19.599 [main] INFO  testCases.TC_002_LoginTest - ***Starting TC_002_LoginTest***
12:36:19.695 [main] INFO  testCases.TC_002_LoginTest - Clicked on My Account Link
12:36:20.179 [main] INFO  testCases.TC_002_LoginTest - Clicked on Login Link
12:41:28.417 [main] INFO  testCases.TC_002_LoginTest - ***Starting TC_002_LoginTest***
12:41:28.525 [main] INFO  testCases.TC_002_LoginTest - Clicked on My Account Link
12:41:29.080 [main] INFO  testCases.TC_002_LoginTest - Clicked on Login Link
12:44:12.370 [main] INFO  testCases.TC_002_LoginTest - ***Starting TC_002_LoginTest***
12:44:12.812 [main] INFO  testCases.TC_002_LoginTest - Clicked on My Account Link
12:44:13.244 [main] INFO  testCases.TC_002_LoginTest - Clicked on Login Link
12:48:20.983 [main] INFO  testCases.TC_002_LoginTest - ***Starting TC_002_LoginTest***
12:48:21.572 [main] INFO  testCases.TC_002_LoginTest - Clicked on My Account Link
12:48:22.060 [main] INFO  testCases.TC_002_LoginTest - Clicked on Login Link
12:49:27.100 [main] INFO  testCases.TC_002_LoginTest - ***Starting TC_002_LoginTest***
12:49:27.227 [main] INFO  testCases.TC_002_LoginTest - Clicked on My Account Link
12:49:27.817 [main] INFO  testCases.TC_002_LoginTest - Clicked on Login Link
12:50:03.719 [main] INFO  testCases.TC_002_LoginTest - ***Starting TC_002_LoginTest***
12:50:03.808 [main] INFO  testCases.TC_002_LoginTest - Clicked on My Account Link
12:50:04.369 [main] INFO  testCases.TC_002_LoginTest - Clicked on Login Link
12:52:09.206 [main] INFO  testCases.TC_002_LoginTest - ***Starting TC_002_LoginTest***
12:52:09.493 [main] INFO  testCases.TC_002_LoginTest - Clicked on My Account Link
12:52:09.993 [main] INFO  testCases.TC_002_LoginTest - Clicked on Login Link
12:53:10.991 [main] INFO  testCases.TC_002_LoginTest - ***Starting TC_002_LoginTest***
12:53:11.084 [main] INFO  testCases.TC_002_LoginTest - Clicked on My Account Link
12:53:17.325 [main] INFO  testCases.TC_002_LoginTest - Clicked on Login Link
13:15:24.957 [main] INFO  testCases.TC_002_LoginTest - ***Starting TC_002_LoginTest***
13:15:25.070 [main] INFO  testCases.TC_002_LoginTest - Clicked on My Account Link
13:15:25.578 [main] INFO  testCases.TC_002_LoginTest - Clicked on Login Link
13:17:55.611 [main] INFO  testCases.TC_001_AccountRegistrationTest - ***Starting TC_001_AccountRegistrationTest***
13:17:55.706 [main] INFO  testCases.TC_001_AccountRegistrationTest - Clicked on My Account Link
13:17:56.493 [main] INFO  testCases.TC_001_AccountRegistrationTest - Clicked on Register Link
13:17:56.496 [main] INFO  testCases.TC_001_AccountRegistrationTest - Providing Customer data
13:17:57.672 [main] INFO  testCases.TC_001_AccountRegistrationTest - Clicked on Continue
13:17:57.720 [main] INFO  testCases.TC_001_AccountRegistrationTest - Validating Expected Message
13:17:57.723 [main] INFO  testCases.TC_001_AccountRegistrationTest - ***Finished Testing***
14:59:30.282 [main] INFO  testCases.TC_002_LoginTest - ***Starting TC_002_LoginTest***
14:59:31.642 [main] INFO  testCases.TC_002_LoginTest - Clicked on My Account Link
14:59:32.644 [main] INFO  testCases.TC_002_LoginTest - Clicked on Login Link
15:18:14.538 [main] INFO  testCases.TC_002_LoginTest - ***Starting TC_002_LoginTest***
15:18:14.608 [main] INFO  testCases.TC_002_LoginTest - Clicked on My Account Link
15:18:15.039 [main] INFO  testCases.TC_002_LoginTest - Clicked on Login Link
15:19:57.078 [main] INFO  testCases.TC_001_AccountRegistrationTest - ***Starting TC_001_AccountRegistrationTest***
15:19:57.145 [main] INFO  testCases.TC_001_AccountRegistrationTest - Clicked on My Account Link
15:19:57.817 [main] INFO  testCases.TC_001_AccountRegistrationTest - Clicked on Register Link
15:19:57.819 [main] INFO  testCases.TC_001_AccountRegistrationTest - Providing Customer data
15:19:58.907 [main] INFO  testCases.TC_001_AccountRegistrationTest - Clicked on Continue
15:19:58.942 [main] INFO  testCases.TC_001_AccountRegistrationTest - Validating Expected Message
15:19:58.944 [main] INFO  testCases.TC_001_AccountRegistrationTest - ***Finished Testing***
15:20:02.559 [main] INFO  testCases.TC_002_LoginTest - ***Starting TC_002_LoginTest***
15:20:02.627 [main] INFO  testCases.TC_002_LoginTest - Clicked on My Account Link
15:20:03.071 [main] INFO  testCases.TC_002_LoginTest - Clicked on Login Link
15:21:08.558 [main] INFO  testCases.TC_002_LoginTest - ***Starting TC_002_LoginTest***
15:21:08.628 [main] INFO  testCases.TC_002_LoginTest - Clicked on My Account Link
15:21:09.032 [main] INFO  testCases.TC_002_LoginTest - Clicked on Login Link
15:23:13.832 [main] INFO  testCases.TC_002_LoginTest - ***Starting TC_002_LoginTest***
15:23:13.892 [main] INFO  testCases.TC_002_LoginTest - Clicked on My Account Link
15:23:14.298 [main] INFO  testCases.TC_002_LoginTest - Clicked on Login Link
15:27:13.424 [main] INFO  testCases.TC_002_LoginTest - ***Starting TC_002_LoginTest***
15:27:13.490 [main] INFO  testCases.TC_002_LoginTest - Clicked on My Account Link
15:27:13.875 [main] INFO  testCases.TC_002_LoginTest - Clicked on Login Link
15:28:37.417 [main] INFO  testCases.TC_002_LoginTest - ***Starting TC_002_LoginTest***
15:28:37.485 [main] INFO  testCases.TC_002_LoginTest - Clicked on My Account Link
15:28:37.884 [main] INFO  testCases.TC_002_LoginTest - Clicked on Login Link
15:39:56.056 [main] INFO  testCases.TC_002_LoginTest - ***Starting TC_002_LoginTest***
15:39:56.123 [main] INFO  testCases.TC_002_LoginTest - Clicked on My Account Link
15:39:56.566 [main] INFO  testCases.TC_002_LoginTest - Clicked on Login Link
15:42:17.457 [main] INFO  testCases.TC_002_LoginTest - ***Starting TC_002_LoginTest***
15:42:18.927 [main] INFO  testCases.TC_002_LoginTest - Clicked on My Account Link
15:42:19.326 [main] INFO  testCases.TC_002_LoginTest - Clicked on Login Link
15:43:40.060 [main] INFO  testCases.TC_002_LoginTest - ***Starting TC_002_LoginTest***
15:43:40.141 [main] INFO  testCases.TC_002_LoginTest - Clicked on My Account Link
15:43:40.525 [main] INFO  testCases.TC_002_LoginTest - Clicked on Login Link
15:43:41.329 [main] INFO  testCases.TC_002_LoginTest - ***Finished TC_002_LoginTest***
16:08:40.040 [main] INFO  testCases.TC_002_LoginTest - ***Starting TC_002_LoginTest***
16:08:40.177 [main] INFO  testCases.TC_002_LoginTest - Clicked on My Account Link
16:08:40.663 [main] INFO  testCases.TC_002_LoginTest - Clicked on Login Link
16:08:41.594 [main] INFO  testCases.TC_002_LoginTest - ***Finished TC_002_LoginTest***
16:09:59.661 [main] INFO  testCases.TC_001_AccountRegistrationTest - ***Starting TC_001_AccountRegistrationTest***
16:09:59.752 [main] INFO  testCases.TC_001_AccountRegistrationTest - Clicked on My Account Link
16:10:00.407 [main] INFO  testCases.TC_001_AccountRegistrationTest - Clicked on Register Link
16:10:00.410 [main] INFO  testCases.TC_001_AccountRegistrationTest - Providing Customer data
16:10:01.479 [main] INFO  testCases.TC_001_AccountRegistrationTest - Clicked on Continue
16:10:01.513 [main] INFO  testCases.TC_001_AccountRegistrationTest - Validating Expected Message
16:10:01.514 [main] INFO  testCases.TC_001_AccountRegistrationTest - ***Finished Testing***
16:10:05.018 [main] INFO  testCases.TC_002_LoginTest - ***Starting TC_002_LoginTest***
16:10:05.569 [main] INFO  testCases.TC_002_LoginTest - Clicked on My Account Link
16:10:06.664 [main] INFO  testCases.TC_002_LoginTest - Clicked on Login Link
16:10:10.186 [main] INFO  testCases.TC_002_LoginTest - ***Finished TC_002_LoginTest***
16:11:18.566 [main] INFO  testCases.TC_001_AccountRegistrationTest - ***Starting TC_001_AccountRegistrationTest***
16:11:18.818 [main] INFO  testCases.TC_001_AccountRegistrationTest - Clicked on My Account Link
16:11:19.586 [main] INFO  testCases.TC_001_AccountRegistrationTest - Clicked on Register Link
16:11:19.589 [main] INFO  testCases.TC_001_AccountRegistrationTest - Providing Customer data
16:11:21.603 [main] INFO  testCases.TC_001_AccountRegistrationTest - Clicked on Continue
16:11:21.783 [main] INFO  testCases.TC_001_AccountRegistrationTest - Validating Expected Message
16:11:26.605 [main] INFO  testCases.TC_002_LoginTest - ***Starting TC_002_LoginTest***
16:11:27.113 [main] INFO  testCases.TC_002_LoginTest - Clicked on My Account Link
16:11:27.552 [main] INFO  testCases.TC_002_LoginTest - Clicked on Login Link
16:11:28.532 [main] INFO  testCases.TC_002_LoginTest - ***Finished TC_002_LoginTest***
16:12:55.164 [main] INFO  testCases.TC_001_AccountRegistrationTest - ***Starting TC_001_AccountRegistrationTest***
16:12:55.250 [main] INFO  testCases.TC_001_AccountRegistrationTest - Clicked on My Account Link
16:12:55.925 [main] INFO  testCases.TC_001_AccountRegistrationTest - Clicked on Register Link
16:12:55.928 [main] INFO  testCases.TC_001_AccountRegistrationTest - Providing Customer data
16:12:57.036 [main] INFO  testCases.TC_001_AccountRegistrationTest - Clicked on Continue
16:12:57.070 [main] INFO  testCases.TC_001_AccountRegistrationTest - Validating Expected Message
16:12:57.071 [main] INFO  testCases.TC_001_AccountRegistrationTest - ***Finished Testing***
22:38:11.078 [main] INFO  testCases.TC_002_LoginTest - ***Starting TC_002_LoginTest***
22:38:11.312 [main] INFO  testCases.TC_002_LoginTest - Clicked on My Account Link
22:38:11.829 [main] INFO  testCases.TC_002_LoginTest - Clicked on Login Link
22:38:12.809 [main] INFO  testCases.TC_002_LoginTest - ***Finished TC_002_LoginTest***
22:38:33.516 [main] INFO  testCases.TC_001_AccountRegistrationTest - ***Starting TC_001_AccountRegistrationTest***
22:38:33.944 [main] INFO  testCases.TC_001_AccountRegistrationTest - Clicked on My Account Link
22:38:34.757 [main] INFO  testCases.TC_001_AccountRegistrationTest - Clicked on Register Link
22:38:34.761 [main] INFO  testCases.TC_001_AccountRegistrationTest - Providing Customer data
22:38:36.667 [main] INFO  testCases.TC_001_AccountRegistrationTest - Clicked on Continue
22:38:36.711 [main] INFO  testCases.TC_001_AccountRegistrationTest - Validating Expected Message
22:38:36.711 [main] INFO  testCases.TC_001_AccountRegistrationTest - ***Finished Testing***
22:38:40.931 [main] INFO  testCases.TC_002_LoginTest - ***Starting TC_002_LoginTest***
22:38:41.309 [main] INFO  testCases.TC_002_LoginTest - Clicked on My Account Link
22:38:41.835 [main] INFO  testCases.TC_002_LoginTest - Clicked on Login Link
22:38:42.884 [main] INFO  testCases.TC_002_LoginTest - ***Finished TC_002_LoginTest***
22:56:18.434 [main] INFO  testCases.TC_001_AccountRegistrationTest - ***Starting TC_001_AccountRegistrationTest***
22:56:18.860 [main] INFO  testCases.TC_001_AccountRegistrationTest - Clicked on My Account Link
22:56:19.694 [main] INFO  testCases.TC_001_AccountRegistrationTest - Clicked on Register Link
22:56:19.702 [main] INFO  testCases.TC_001_AccountRegistrationTest - Providing Customer data
22:56:21.694 [main] INFO  testCases.TC_001_AccountRegistrationTest - Clicked on Continue
22:56:21.743 [main] INFO  testCases.TC_001_AccountRegistrationTest - Validating Expected Message
22:56:21.746 [main] INFO  testCases.TC_001_AccountRegistrationTest - ***Finished Testing***
22:56:25.860 [main] INFO  testCases.TC_002_LoginTest - ***Starting TC_002_LoginTest***
22:56:26.233 [main] INFO  testCases.TC_002_LoginTest - Clicked on My Account Link
22:56:26.779 [main] INFO  testCases.TC_002_LoginTest - Clicked on Login Link
22:56:27.740 [main] INFO  testCases.TC_002_LoginTest - ***Finished TC_002_LoginTest***
22:58:39.019 [main] INFO  testCases.TC_001_AccountRegistrationTest - ***Starting TC_001_AccountRegistrationTest***
22:58:39.604 [main] INFO  testCases.TC_001_AccountRegistrationTest - Clicked on My Account Link
22:58:40.431 [main] INFO  testCases.TC_001_AccountRegistrationTest - Clicked on Register Link
22:58:40.435 [main] INFO  testCases.TC_001_AccountRegistrationTest - Providing Customer data
22:58:41.829 [main] INFO  testCases.TC_001_AccountRegistrationTest - Clicked on Continue
22:58:41.903 [main] INFO  testCases.TC_001_AccountRegistrationTest - Validating Expected Message
22:58:41.907 [main] INFO  testCases.TC_001_AccountRegistrationTest - ***Finished Testing***
22:16:47.772 [main] INFO  testCases.TC_001_AccountRegistrationTest - ***Starting TC_001_AccountRegistrationTest***
22:16:47.874 [main] INFO  testCases.TC_001_AccountRegistrationTest - Clicked on My Account Link
22:16:48.682 [main] INFO  testCases.TC_001_AccountRegistrationTest - Clicked on Register Link
22:16:48.687 [main] INFO  testCases.TC_001_AccountRegistrationTest - Providing Customer data
22:16:50.088 [main] INFO  testCases.TC_001_AccountRegistrationTest - Clicked on Continue
22:16:50.129 [main] INFO  testCases.TC_001_AccountRegistrationTest - Validating Expected Message
22:16:50.131 [main] INFO  testCases.TC_001_AccountRegistrationTest - ***Finished Testing***
14:28:11.289 [main] INFO  testCases.TC_001_AccountRegistrationTest - ***Starting TC_001_AccountRegistrationTest***
14:28:11.379 [main] INFO  testCases.TC_001_AccountRegistrationTest - Clicked on My Account Link
14:28:18.306 [main] INFO  testCases.TC_001_AccountRegistrationTest - Clicked on Register Link
14:28:18.306 [main] INFO  testCases.TC_001_AccountRegistrationTest - Providing Customer data
14:28:19.591 [main] INFO  testCases.TC_001_AccountRegistrationTest - Clicked on Continue
14:28:19.631 [main] INFO  testCases.TC_001_AccountRegistrationTest - Validating Expected Message
14:28:19.639 [main] INFO  testCases.TC_001_AccountRegistrationTest - ***Finished Testing***
14:28:40.850 [main] INFO  testCases.TC_001_AccountRegistrationTest - ***Starting TC_001_AccountRegistrationTest***
14:28:40.931 [main] INFO  testCases.TC_001_AccountRegistrationTest - Clicked on My Account Link
14:28:41.727 [main] INFO  testCases.TC_001_AccountRegistrationTest - Clicked on Register Link
14:28:41.733 [main] INFO  testCases.TC_001_AccountRegistrationTest - Providing Customer data
14:28:43.107 [main] INFO  testCases.TC_001_AccountRegistrationTest - Clicked on Continue
14:28:43.145 [main] INFO  testCases.TC_001_AccountRegistrationTest - Validating Expected Message
14:28:43.147 [main] INFO  testCases.TC_001_AccountRegistrationTest - ***Finished Testing***
14:28:47.632 [main] INFO  testCases.TC_002_LoginTest - ***Starting TC_002_LoginTest***
14:28:47.705 [main] INFO  testCases.TC_002_LoginTest - Clicked on My Account Link
14:28:48.311 [main] INFO  testCases.TC_002_LoginTest - Clicked on Login Link
14:28:49.407 [main] INFO  testCases.TC_002_LoginTest - ***Finished TC_002_LoginTest***
14:33:59.266 [main] INFO  testCases.TC_001_AccountRegistrationTest - ***Starting TC_001_AccountRegistrationTest***
14:33:59.356 [main] INFO  testCases.TC_001_AccountRegistrationTest - Clicked on My Account Link
14:34:00.144 [main] INFO  testCases.TC_001_AccountRegistrationTest - Clicked on Register Link
14:34:00.146 [main] INFO  testCases.TC_001_AccountRegistrationTest - Providing Customer data
14:34:01.587 [main] INFO  testCases.TC_001_AccountRegistrationTest - Clicked on Continue
14:34:01.695 [main] INFO  testCases.TC_001_AccountRegistrationTest - Validating Expected Message
14:34:01.702 [main] INFO  testCases.TC_001_AccountRegistrationTest - ***Finished Testing***
14:34:06.074 [main] INFO  testCases.TC_002_LoginTest - ***Starting TC_002_LoginTest***
14:34:06.152 [main] INFO  testCases.TC_002_LoginTest - Clicked on My Account Link
14:34:06.668 [main] INFO  testCases.TC_002_LoginTest - Clicked on Login Link
14:34:07.888 [main] INFO  testCases.TC_002_LoginTest - ***Finished TC_002_LoginTest***
15:02:18.689 [main] INFO  testCases.TC_001_AccountRegistrationTest - ***Starting TC_001_AccountRegistrationTest***
15:02:18.756 [main] INFO  testCases.TC_001_AccountRegistrationTest - Clicked on My Account Link
15:02:19.407 [main] INFO  testCases.TC_001_AccountRegistrationTest - Clicked on Register Link
15:02:19.410 [main] INFO  testCases.TC_001_AccountRegistrationTest - Providing Customer data
15:02:20.433 [main] INFO  testCases.TC_001_AccountRegistrationTest - Clicked on Continue
15:02:20.465 [main] INFO  testCases.TC_001_AccountRegistrationTest - Validating Expected Message
15:02:20.467 [main] INFO  testCases.TC_001_AccountRegistrationTest - ***Finished Testing***
15:02:23.928 [main] INFO  testCases.TC_002_LoginTest - ***Starting TC_002_LoginTest***
15:02:24.049 [main] INFO  testCases.TC_002_LoginTest - Clicked on My Account Link
15:02:24.433 [main] INFO  testCases.TC_002_LoginTest - Clicked on Login Link
15:02:25.244 [main] INFO  testCases.TC_002_LoginTest - ***Finished TC_002_LoginTest***
